<?xml version="1.0" encoding="UTF-8"?>
<testng-results ignored="0" total="2" passed="2" failed="0" skipped="0">
  <reporter-output>
  </reporter-output>
  <suite started-at="2024-05-10T02:00:26 IST" name="Default suite" finished-at="2024-05-10T02:00:48 IST" duration-ms="22045">
    <groups>
    </groups>
    <test started-at="2024-05-10T02:00:26 IST" name="Default test" finished-at="2024-05-10T02:00:48 IST" duration-ms="22045">
      <class name="testCases.BrokenLinks">
        <test-method is-config="true" signature="setup()[pri:0, instance:testCases.BrokenLinks@29e495ff]" started-at="2024-05-10T02:00:26 IST" name="setup" finished-at="2024-05-10T02:00:38 IST" duration-ms="11538" status="PASS">
          <reporter-output>
          </reporter-output>
        </test-method> <!-- setup -->
        <test-method signature="login()[pri:0, instance:testCases.BrokenLinks@29e495ff]" started-at="2024-05-10T02:00:38 IST" name="login" finished-at="2024-05-10T02:00:40 IST" duration-ms="2708" status="PASS">
          <reporter-output>
          </reporter-output>
        </test-method> <!-- login -->
        <test-method signature="brokenlinks()[pri:0, instance:testCases.BrokenLinks@29e495ff]" started-at="2024-05-10T02:00:40 IST" name="brokenlinks" finished-at="2024-05-10T02:00:48 IST" depends-on-methods="testCases.BrokenLinks.login" duration-ms="7685" status="PASS">
          <reporter-output>
          </reporter-output>
        </test-method> <!-- brokenlinks -->
        <test-method is-config="true" signature="teardown()[pri:0, instance:testCases.BrokenLinks@29e495ff]" started-at="2024-05-10T02:00:48 IST" name="teardown" finished-at="2024-05-10T02:00:48 IST" duration-ms="31" status="PASS">
          <reporter-output>
          </reporter-output>
        </test-method> <!-- teardown -->
      </class> <!-- testCases.BrokenLinks -->
    </test> <!-- Default test -->
  </suite> <!-- Default suite -->
</testng-results>
